<?xml version="1.0" encoding="UTF-8"?>
<!-- Generated by org.testng.reporters.JUnitReportReporter -->
<testsuite hostname="Blacky-laptop" failures="0" tests="4" name="com.qa.tests.DemoTest" time="0.013" errors="0" timestamp="8 Oct 2018 07:17:56 GMT">
  <testcase classname="com.qa.tests.DemoTest" name="div" time="0.013"/>
  <testcase classname="com.qa.tests.DemoTest" name="sum" time="0.000"/>
  <testcase classname="com.qa.tests.DemoTest" name="mul" time="0.000"/>
  <testcase classname="com.qa.tests.DemoTest" name="sub" time="0.000"/>
</testsuite> <!-- com.qa.tests.DemoTest -->
